{"uid":"f6b7b2b79f7be060","name":"User completes the checkout process successfully","fullName":"src/test/resources/features/Checkout.feature:6","historyId":"bc27304cae992ad78f71a524aadf75e4","time":{"start":1741214700846,"stop":1741214746114,"duration":45268},"description":"  As a user in France\n  I want to complete the checkout process using Visa Payment and Chronopost shipping\n  So that I can purchase items from the Jacquemus website","descriptionHtml":"<p>As a user in France<br />\nI want to complete the checkout process using Visa Payment and Chronopost shipping<br />\nSo that I can purchase items from the Jacquemus website</p>\n","status":"broken","statusMessage":"Step failed: Expected condition failed: waiting for visibility of element located by By.cssSelector: #panel-minicart > .panel__wrapper (tried for 10 second(s) with 500 milliseconds interval)\nBuild info: version: '4.29.0', revision: '5fc1ec94cb'\nSystem info: os.name: 'Windows 11', os.arch: 'amd64', os.version: '10.0', java.version: '19.0.2'\nDriver info: org.openqa.selenium.chrome.ChromeDriver\nCapabilities {acceptInsecureCerts: false, browserName: chrome, browserVersion: 134.0.6998.36, chrome: {chromedriverVersion: 134.0.6998.35 (ea6ef4c2ac15..., userDataDir: C:\\Users\\souna\\AppData\\Loca...}, fedcm:accounts: true, goog:chromeOptions: {debuggerAddress: localhost:52406}, networkConnectionEnabled: false, pageLoadStrategy: normal, platformName: windows, proxy: Proxy(), se:cdp: ws://localhost:52406/devtoo..., se:cdpVersion: 134.0.6998.36, setWindowRect: true, strictFileInteractability: false, timeouts: {implicit: 0, pageLoad: 300000, script: 30000}, unhandledPromptBehavior: dismiss and notify, webauthn:extension:credBlob: true, webauthn:extension:largeBlob: true, webauthn:extension:minPinLength: true, webauthn:extension:prf: true, webauthn:virtualAuthenticators: true}\nSession ID: 89cb16d30c19cf724c9e55e51a516da8","statusTrace":"java.lang.RuntimeException: Step failed: Expected condition failed: waiting for visibility of element located by By.cssSelector: #panel-minicart > .panel__wrapper (tried for 10 second(s) with 500 milliseconds interval)\nBuild info: version: '4.29.0', revision: '5fc1ec94cb'\nSystem info: os.name: 'Windows 11', os.arch: 'amd64', os.version: '10.0', java.version: '19.0.2'\nDriver info: org.openqa.selenium.chrome.ChromeDriver\nCapabilities {acceptInsecureCerts: false, browserName: chrome, browserVersion: 134.0.6998.36, chrome: {chromedriverVersion: 134.0.6998.35 (ea6ef4c2ac15..., userDataDir: C:\\Users\\souna\\AppData\\Loca...}, fedcm:accounts: true, goog:chromeOptions: {debuggerAddress: localhost:52406}, networkConnectionEnabled: false, pageLoadStrategy: normal, platformName: windows, proxy: Proxy(), se:cdp: ws://localhost:52406/devtoo..., se:cdpVersion: 134.0.6998.36, setWindowRect: true, strictFileInteractability: false, timeouts: {implicit: 0, pageLoad: 300000, script: 30000}, unhandledPromptBehavior: dismiss and notify, webauthn:extension:credBlob: true, webauthn:extension:largeBlob: true, webauthn:extension:minPinLength: true, webauthn:extension:prf: true, webauthn:virtualAuthenticators: true}\nSession ID: 89cb16d30c19cf724c9e55e51a516da8\r\n\tat com.example.tnr.CheckoutSteps.i_choose_a_product_to_add(CheckoutSteps.java:82)\r\n\tat ✽.I fill the cart with a product(file:///C:/TNR/src/test/resources/features/Checkout.feature:8)\r\n","flaky":false,"newFailed":false,"newBroken":false,"newPassed":false,"retriesCount":0,"retriesStatusChange":false,"beforeStages":[{"name":"com.example.tnr.Hooks.setUp()","time":{"start":1741214700854,"stop":1741214705015,"duration":4161},"status":"passed","steps":[],"attachments":[],"parameters":[],"stepsCount":0,"hasContent":false,"attachmentsCount":0,"shouldDisplayMessage":false}],"testStage":{"description":"  As a user in France\n  I want to complete the checkout process using Visa Payment and Chronopost shipping\n  So that I can purchase items from the Jacquemus website","status":"broken","statusMessage":"Step failed: Expected condition failed: waiting for visibility of element located by By.cssSelector: #panel-minicart > .panel__wrapper (tried for 10 second(s) with 500 milliseconds interval)\nBuild info: version: '4.29.0', revision: '5fc1ec94cb'\nSystem info: os.name: 'Windows 11', os.arch: 'amd64', os.version: '10.0', java.version: '19.0.2'\nDriver info: org.openqa.selenium.chrome.ChromeDriver\nCapabilities {acceptInsecureCerts: false, browserName: chrome, browserVersion: 134.0.6998.36, chrome: {chromedriverVersion: 134.0.6998.35 (ea6ef4c2ac15..., userDataDir: C:\\Users\\souna\\AppData\\Loca...}, fedcm:accounts: true, goog:chromeOptions: {debuggerAddress: localhost:52406}, networkConnectionEnabled: false, pageLoadStrategy: normal, platformName: windows, proxy: Proxy(), se:cdp: ws://localhost:52406/devtoo..., se:cdpVersion: 134.0.6998.36, setWindowRect: true, strictFileInteractability: false, timeouts: {implicit: 0, pageLoad: 300000, script: 30000}, unhandledPromptBehavior: dismiss and notify, webauthn:extension:credBlob: true, webauthn:extension:largeBlob: true, webauthn:extension:minPinLength: true, webauthn:extension:prf: true, webauthn:virtualAuthenticators: true}\nSession ID: 89cb16d30c19cf724c9e55e51a516da8","statusTrace":"java.lang.RuntimeException: Step failed: Expected condition failed: waiting for visibility of element located by By.cssSelector: #panel-minicart > .panel__wrapper (tried for 10 second(s) with 500 milliseconds interval)\nBuild info: version: '4.29.0', revision: '5fc1ec94cb'\nSystem info: os.name: 'Windows 11', os.arch: 'amd64', os.version: '10.0', java.version: '19.0.2'\nDriver info: org.openqa.selenium.chrome.ChromeDriver\nCapabilities {acceptInsecureCerts: false, browserName: chrome, browserVersion: 134.0.6998.36, chrome: {chromedriverVersion: 134.0.6998.35 (ea6ef4c2ac15..., userDataDir: C:\\Users\\souna\\AppData\\Loca...}, fedcm:accounts: true, goog:chromeOptions: {debuggerAddress: localhost:52406}, networkConnectionEnabled: false, pageLoadStrategy: normal, platformName: windows, proxy: Proxy(), se:cdp: ws://localhost:52406/devtoo..., se:cdpVersion: 134.0.6998.36, setWindowRect: true, strictFileInteractability: false, timeouts: {implicit: 0, pageLoad: 300000, script: 30000}, unhandledPromptBehavior: dismiss and notify, webauthn:extension:credBlob: true, webauthn:extension:largeBlob: true, webauthn:extension:minPinLength: true, webauthn:extension:prf: true, webauthn:virtualAuthenticators: true}\nSession ID: 89cb16d30c19cf724c9e55e51a516da8\r\n\tat com.example.tnr.CheckoutSteps.i_choose_a_product_to_add(CheckoutSteps.java:82)\r\n\tat ✽.I fill the cart with a product(file:///C:/TNR/src/test/resources/features/Checkout.feature:8)\r\n","steps":[{"name":"Given I am on the checkout page France As Region And Accepting all Cookies","time":{"start":1741214705078,"stop":1741214717897,"duration":12819},"status":"passed","steps":[],"attachments":[],"parameters":[],"stepsCount":0,"hasContent":false,"attachmentsCount":0,"shouldDisplayMessage":false},{"name":"When I fill the cart with a product","time":{"start":1741214717897,"stop":1741214745995,"duration":28098},"status":"broken","statusMessage":"Step failed: Expected condition failed: waiting for visibility of element located by By.cssSelector: #panel-minicart > .panel__wrapper (tried for 10 second(s) with 500 milliseconds interval)\nBuild info: version: '4.29.0', revision: '5fc1ec94cb'\nSystem info: os.name: 'Windows 11', os.arch: 'amd64', os.version: '10.0', java.version: '19.0.2'\nDriver info: org.openqa.selenium.chrome.ChromeDriver\nCapabilities {acceptInsecureCerts: false, browserName: chrome, browserVersion: 134.0.6998.36, chrome: {chromedriverVersion: 134.0.6998.35 (ea6ef4c2ac15..., userDataDir: C:\\Users\\souna\\AppData\\Loca...}, fedcm:accounts: true, goog:chromeOptions: {debuggerAddress: localhost:52406}, networkConnectionEnabled: false, pageLoadStrategy: normal, platformName: windows, proxy: Proxy(), se:cdp: ws://localhost:52406/devtoo..., se:cdpVersion: 134.0.6998.36, setWindowRect: true, strictFileInteractability: false, timeouts: {implicit: 0, pageLoad: 300000, script: 30000}, unhandledPromptBehavior: dismiss and notify, webauthn:extension:credBlob: true, webauthn:extension:largeBlob: true, webauthn:extension:minPinLength: true, webauthn:extension:prf: true, webauthn:virtualAuthenticators: true}\nSession ID: 89cb16d30c19cf724c9e55e51a516da8","statusTrace":"java.lang.RuntimeException: Step failed: Expected condition failed: waiting for visibility of element located by By.cssSelector: #panel-minicart > .panel__wrapper (tried for 10 second(s) with 500 milliseconds interval)\nBuild info: version: '4.29.0', revision: '5fc1ec94cb'\nSystem info: os.name: 'Windows 11', os.arch: 'amd64', os.version: '10.0', java.version: '19.0.2'\nDriver info: org.openqa.selenium.chrome.ChromeDriver\nCapabilities {acceptInsecureCerts: false, browserName: chrome, browserVersion: 134.0.6998.36, chrome: {chromedriverVersion: 134.0.6998.35 (ea6ef4c2ac15..., userDataDir: C:\\Users\\souna\\AppData\\Loca...}, fedcm:accounts: true, goog:chromeOptions: {debuggerAddress: localhost:52406}, networkConnectionEnabled: false, pageLoadStrategy: normal, platformName: windows, proxy: Proxy(), se:cdp: ws://localhost:52406/devtoo..., se:cdpVersion: 134.0.6998.36, setWindowRect: true, strictFileInteractability: false, timeouts: {implicit: 0, pageLoad: 300000, script: 30000}, unhandledPromptBehavior: dismiss and notify, webauthn:extension:credBlob: true, webauthn:extension:largeBlob: true, webauthn:extension:minPinLength: true, webauthn:extension:prf: true, webauthn:virtualAuthenticators: true}\nSession ID: 89cb16d30c19cf724c9e55e51a516da8\r\n\tat com.example.tnr.CheckoutSteps.i_choose_a_product_to_add(CheckoutSteps.java:82)\r\n\tat ✽.I fill the cart with a product(file:///C:/TNR/src/test/resources/features/Checkout.feature:8)\r\n","steps":[],"attachments":[],"parameters":[],"stepsCount":0,"hasContent":true,"attachmentsCount":0,"shouldDisplayMessage":true},{"name":"And I check if have item in my cart","time":{"start":1741214745995,"stop":1741214745995,"duration":0},"status":"skipped","steps":[],"attachments":[],"parameters":[],"stepsCount":0,"hasContent":false,"attachmentsCount":0,"shouldDisplayMessage":false},{"name":"And I fill my shipping details","time":{"start":1741214745995,"stop":1741214745995,"duration":0},"status":"skipped","steps":[],"attachments":[],"parameters":[],"stepsCount":0,"hasContent":false,"attachmentsCount":0,"shouldDisplayMessage":false},{"name":"And I select a shipping method","time":{"start":1741214745995,"stop":1741214745995,"duration":0},"status":"skipped","steps":[],"attachments":[],"parameters":[],"stepsCount":0,"hasContent":false,"attachmentsCount":0,"shouldDisplayMessage":false},{"name":"And I fill in my payment details","time":{"start":1741214745995,"stop":1741214745995,"duration":0},"status":"skipped","steps":[],"attachments":[],"parameters":[],"stepsCount":0,"hasContent":false,"attachmentsCount":0,"shouldDisplayMessage":false},{"name":"And I click the Verify My Information button","time":{"start":1741214745995,"stop":1741214745995,"duration":0},"status":"skipped","steps":[],"attachments":[],"parameters":[],"stepsCount":0,"hasContent":false,"attachmentsCount":0,"shouldDisplayMessage":false},{"name":"And I Accept the Term and Conditions","time":{"start":1741214745995,"stop":1741214745995,"duration":0},"status":"skipped","steps":[],"attachments":[],"parameters":[],"stepsCount":0,"hasContent":false,"attachmentsCount":0,"shouldDisplayMessage":false},{"name":"And I click the Pay button","time":{"start":1741214745995,"stop":1741214745995,"duration":0},"status":"skipped","steps":[],"attachments":[],"parameters":[],"stepsCount":0,"hasContent":false,"attachmentsCount":0,"shouldDisplayMessage":false},{"name":"Then I should see an order confirmation thanks message","time":{"start":1741214745995,"stop":1741214745995,"duration":0},"status":"skipped","steps":[],"attachments":[],"parameters":[],"stepsCount":0,"hasContent":false,"attachmentsCount":0,"shouldDisplayMessage":false}],"attachments":[],"parameters":[],"stepsCount":10,"hasContent":true,"attachmentsCount":0,"shouldDisplayMessage":false},"afterStages":[{"name":"com.example.tnr.Hooks.tearDown(io.cucumber.java.Scenario)","time":{"start":1741214745995,"stop":1741214746114,"duration":119},"status":"passed","steps":[],"attachments":[{"uid":"ee8bb6b59db4b8d3","name":"Screenshot","source":"ee8bb6b59db4b8d3.png","type":"image/png","size":309629}],"parameters":[],"stepsCount":0,"hasContent":true,"attachmentsCount":1,"shouldDisplayMessage":false}],"labels":[{"name":"tag","value":"Checkout"},{"name":"host","value":"LAPTOP-A13458GF"},{"name":"thread","value":"2600@LAPTOP-A13458GF.ForkJoinPool-1-worker-1(33)"},{"name":"feature","value":"Checkout Functionality - France - Visa Payment - Chronopost"},{"name":"story","value":"User completes the checkout process successfully"},{"name":"suite","value":"Checkout Functionality - France - Visa Payment - Chronopost"},{"name":"testClass","value":"User completes the checkout process successfully"},{"name":"framework","value":"cucumber4jvm"},{"name":"language","value":"java"},{"name":"gherkin_uri","value":"file:///C:/TNR/src/test/resources/features/Checkout.feature"},{"name":"package","value":"src.test.resources.features.Checkout_feature.Checkout Functionality - France - Visa Payment - Chronopost"},{"name":"resultFormat","value":"allure2"}],"parameters":[],"links":[],"hidden":true,"retry":true,"extra":{"categories":[],"tags":["Checkout"]},"source":"f6b7b2b79f7be060.json","parameterValues":[]}